2023-02-16 15:43:43,031 - root - INFO - My test client started.
2023-02-16 15:43:43,031 - root - INFO - Get image names...
2023-02-16 15:43:43,032 - root - INFO - Batch ready, calling grpc server...
2023-02-16 15:43:43,049 - root - INFO - init workers
2023-02-16 15:43:43,051 - root - INFO - init workers
2023-02-16 15:43:43,052 - root - INFO - init workers
2023-02-16 15:43:43,052 - root - INFO - init workers
2023-02-16 15:45:43,456 - root - INFO - My test client started.
2023-02-16 15:45:43,456 - root - INFO - Get image names...
2023-02-16 15:45:43,456 - root - INFO - Batch ready, calling grpc server...
2023-02-16 15:45:43,474 - root - INFO - init workers
2023-02-16 15:45:43,475 - root - INFO - init workers
2023-02-16 15:45:43,476 - root - INFO - init workers
2023-02-16 15:45:43,477 - root - INFO - init workers
2023-02-16 15:51:08,187 - root - INFO - My test client started.
2023-02-16 15:51:08,187 - root - INFO - Get image names...
2023-02-16 15:51:08,188 - root - INFO - Batch ready, calling grpc server...
2023-02-16 15:51:08,206 - root - INFO - init workers
2023-02-16 15:51:08,207 - root - INFO - init workers
2023-02-16 15:51:08,208 - root - INFO - init workers
2023-02-16 15:51:08,208 - root - INFO - init workers
2023-02-16 15:52:09,420 - root - INFO - My test client started.
2023-02-16 15:52:09,420 - root - INFO - Get image names...
2023-02-16 15:52:09,421 - root - INFO - Batch ready, calling grpc server...
2023-02-16 15:52:09,438 - root - INFO - init workers
2023-02-16 15:52:09,439 - root - INFO - init workers
2023-02-16 15:52:09,440 - root - INFO - init workers
2023-02-16 15:52:09,441 - root - INFO - init workers
2023-02-16 15:52:22,899 - root - INFO - My test client started.
2023-02-16 15:52:22,899 - root - INFO - Get image names...
2023-02-16 15:52:22,900 - root - INFO - Batch ready, calling grpc server...
2023-02-16 15:52:22,918 - root - INFO - init workers
2023-02-16 15:52:22,919 - root - INFO - init workers
2023-02-16 15:52:22,920 - root - INFO - init workers
2023-02-16 15:52:22,920 - root - INFO - init workers
2023-02-16 15:54:37,393 - root - INFO - My test client started.
2023-02-16 15:54:37,393 - root - INFO - Get image names...
2023-02-16 15:54:37,393 - root - INFO - Batch ready, calling grpc server...
2023-02-16 15:54:37,411 - root - INFO - init workers
2023-02-16 15:54:37,411 - root - INFO - init workers
2023-02-16 15:54:37,413 - root - INFO - init workers
2023-02-16 15:54:37,414 - root - INFO - init workers
2023-02-16 15:55:33,488 - root - INFO - My test client started.
2023-02-16 15:55:33,488 - root - INFO - Get image names...
2023-02-16 15:55:33,488 - root - INFO - Batch ready, calling grpc server...
2023-02-16 15:55:33,506 - root - INFO - init workers
2023-02-16 15:55:33,507 - root - INFO - init workers
2023-02-16 15:55:33,508 - root - INFO - init workers
2023-02-16 15:55:33,509 - root - INFO - init workers
2023-02-16 15:56:30,973 - root - INFO - My test client started.
2023-02-16 15:56:30,974 - root - INFO - Get image names...
2023-02-16 15:56:30,974 - root - INFO - Batch ready, calling grpc server...
2023-02-16 15:56:30,992 - root - INFO - init workers
2023-02-16 15:56:30,993 - root - INFO - init workers
2023-02-16 15:56:30,994 - root - INFO - init workers
2023-02-16 15:56:30,995 - root - INFO - init workers
2023-02-16 15:57:07,997 - root - INFO - My test client started.
2023-02-16 15:57:07,997 - root - INFO - Get image names...
2023-02-16 15:57:07,997 - root - INFO - Batch ready, calling grpc server...
2023-02-16 15:57:08,015 - root - INFO - init workers
2023-02-16 15:57:08,016 - root - INFO - init workers
2023-02-16 15:57:08,017 - root - INFO - init workers
2023-02-16 15:57:08,018 - root - INFO - init workers
2023-02-16 15:58:22,079 - root - INFO - My test client started.
2023-02-16 15:58:22,079 - root - INFO - Get image names...
2023-02-16 15:58:22,080 - root - INFO - Batch ready, calling grpc server...
2023-02-16 15:58:22,098 - root - INFO - init workers
2023-02-16 15:58:22,099 - root - INFO - init workers
2023-02-16 15:58:22,100 - root - INFO - init workers
2023-02-16 15:58:22,101 - root - INFO - init workers
2023-02-16 15:58:22,113 - root - INFO - gRPC server answered. Processed 12 images in 0.03 UA (4 clients)
2023-02-16 15:59:02,421 - root - INFO - My test client started.
2023-02-16 15:59:02,421 - root - INFO - Get image names...
2023-02-16 15:59:02,421 - root - INFO - Batch ready, calling grpc server...
2023-02-16 15:59:02,439 - root - INFO - init workers
2023-02-16 15:59:02,440 - root - INFO - init workers
2023-02-16 15:59:02,441 - root - INFO - init workers
2023-02-16 15:59:02,442 - root - INFO - init workers
2023-02-16 15:59:02,460 - root - INFO - gRPC server answered. Processed 12 images in 0.04 UA (4 clients)
2023-02-16 15:59:21,882 - root - INFO - My test client started.
2023-02-16 15:59:21,883 - root - INFO - Get image names...
2023-02-16 15:59:21,883 - root - INFO - Batch ready, calling grpc server...
2023-02-16 15:59:21,901 - root - INFO - init workers
2023-02-16 15:59:21,902 - root - INFO - init workers
2023-02-16 15:59:21,902 - root - INFO - init workers
2023-02-16 15:59:21,903 - root - INFO - init workers
2023-02-16 15:59:26,432 - root - INFO - My test client started.
2023-02-16 15:59:26,432 - root - INFO - Get image names...
2023-02-16 15:59:26,432 - root - INFO - Batch ready, calling grpc server...
2023-02-16 15:59:26,450 - root - INFO - init workers
2023-02-16 15:59:26,451 - root - INFO - init workers
2023-02-16 15:59:26,453 - root - INFO - init workers
2023-02-16 15:59:26,453 - root - INFO - init workers
2023-02-16 15:59:37,157 - root - INFO - My test client started.
2023-02-16 15:59:37,158 - root - INFO - Get image names...
2023-02-16 15:59:37,158 - root - INFO - Batch ready, calling grpc server...
2023-02-16 15:59:37,175 - root - INFO - init workers
2023-02-16 15:59:37,177 - root - INFO - init workers
2023-02-16 15:59:37,178 - root - INFO - init workers
2023-02-16 15:59:37,178 - root - INFO - init workers
2023-02-16 15:59:37,190 - root - INFO - gRPC server answered. Processed 12 images in 0.03 UA (4 clients)
2023-02-16 15:59:48,389 - root - INFO - My test client started.
2023-02-16 15:59:48,389 - root - INFO - Get image names...
2023-02-16 15:59:48,389 - root - INFO - Batch ready, calling grpc server...
2023-02-16 15:59:48,408 - root - INFO - init workers
2023-02-16 15:59:48,408 - root - INFO - init workers
2023-02-16 15:59:48,409 - root - INFO - init workers
2023-02-16 15:59:48,410 - root - INFO - init workers
2023-02-16 15:59:48,423 - root - INFO - gRPC server answered. Processed 12 images in 0.03 UA (4 clients)
2023-02-16 16:00:05,156 - root - INFO - My test client started.
2023-02-16 16:00:05,156 - root - INFO - Get image names...
2023-02-16 16:00:05,156 - root - INFO - Batch ready, calling grpc server...
2023-02-16 16:00:05,175 - root - INFO - init workers
2023-02-16 16:00:05,175 - root - INFO - init workers
2023-02-16 16:00:05,175 - root - INFO - init workers
2023-02-16 16:00:05,177 - root - INFO - init workers
2023-02-16 16:00:05,178 - root - INFO - init workers
2023-02-16 16:00:05,179 - root - INFO - init workers
2023-02-16 16:00:05,179 - root - INFO - init workers
2023-02-16 16:00:05,180 - root - INFO - init workers
2023-02-16 16:00:05,181 - root - INFO - init workers
2023-02-16 16:00:05,182 - root - INFO - init workers
2023-02-16 16:00:05,182 - root - INFO - init workers
2023-02-16 16:00:05,184 - root - INFO - init workers
2023-02-16 16:00:05,193 - root - INFO - gRPC server answered. Processed 12 images in 0.04 UA (12 clients)
2023-02-16 16:00:21,492 - root - INFO - My test client started.
2023-02-16 16:00:21,492 - root - INFO - Get image names...
2023-02-16 16:00:21,492 - root - INFO - Batch ready, calling grpc server...
2023-02-16 16:00:21,510 - root - INFO - init workers
2023-02-16 16:00:21,510 - root - INFO - init workers
2023-02-16 16:00:21,514 - root - INFO - init workers
2023-02-16 16:00:21,514 - root - INFO - init workers
2023-02-16 16:00:21,516 - root - INFO - init workers
2023-02-16 16:00:21,517 - root - INFO - init workers
2023-02-16 16:00:21,517 - root - INFO - init workers
2023-02-16 16:00:21,517 - root - INFO - init workers
2023-02-16 16:00:21,518 - root - INFO - init workers
2023-02-16 16:00:21,519 - root - INFO - init workers
2023-02-16 16:00:21,520 - root - INFO - init workers
2023-02-16 16:00:21,521 - root - INFO - init workers
2023-02-16 16:00:21,532 - root - INFO - gRPC server answered. Processed 12 images in 0.04 UA (12 clients)
2023-02-16 16:00:55,932 - root - INFO - My test client started.
2023-02-16 16:00:55,932 - root - INFO - Get image names...
2023-02-16 16:00:55,933 - root - INFO - Batch ready, calling grpc server...
2023-02-16 16:00:55,946 - root - INFO - init workers
2023-02-16 16:00:55,952 - root - INFO - init workers
2023-02-16 16:00:55,952 - root - INFO - init workers
2023-02-16 16:00:55,953 - root - INFO - init workers
2023-02-16 16:00:55,954 - root - INFO - init workers
2023-02-16 16:00:55,955 - root - INFO - init workers
2023-02-16 16:00:55,955 - root - INFO - init workers
2023-02-16 16:00:55,957 - root - INFO - init workers
2023-02-16 16:00:55,959 - root - INFO - init workers
2023-02-16 16:00:55,960 - root - INFO - init workers
2023-02-16 16:00:55,962 - root - INFO - init workers
2023-02-16 16:00:55,965 - root - INFO - init workers
2023-02-16 16:00:55,974 - root - INFO - gRPC server answered. Processed 12 images in 0.04 UA (12 clients)
2023-02-16 16:00:58,155 - root - INFO - My test client started.
2023-02-16 16:00:58,155 - root - INFO - Get image names...
2023-02-16 16:00:58,156 - root - INFO - Batch ready, calling grpc server...
2023-02-16 16:00:58,174 - root - INFO - init workers
2023-02-16 16:00:58,176 - root - INFO - init workers
2023-02-16 16:00:58,177 - root - INFO - init workers
2023-02-16 16:00:58,178 - root - INFO - init workers
2023-02-16 16:00:58,180 - root - INFO - init workers
2023-02-16 16:00:58,180 - root - INFO - init workers
2023-02-16 16:00:58,180 - root - INFO - init workers
2023-02-16 16:00:58,183 - root - INFO - init workers
2023-02-16 16:00:58,183 - root - INFO - init workers
2023-02-16 16:00:58,183 - root - INFO - init workers
2023-02-16 16:00:58,184 - root - INFO - init workers
2023-02-16 16:00:58,197 - root - INFO - gRPC server answered. Processed 12 images in 0.04 UA (12 clients)
2023-02-16 16:01:30,022 - root - INFO - My test client started.
2023-02-16 16:01:30,022 - root - INFO - Get image names...
2023-02-16 16:01:30,022 - root - INFO - Batch ready, calling grpc server...
2023-02-16 16:01:30,041 - root - INFO - init workers
2023-02-16 16:01:30,043 - root - INFO - init workers
2023-02-16 16:01:30,044 - root - INFO - init workers
2023-02-16 16:01:30,044 - root - INFO - init workers
2023-02-16 16:01:30,045 - root - INFO - init workers
2023-02-16 16:01:30,046 - root - INFO - init workers
2023-02-16 16:01:30,048 - root - INFO - init workers
2023-02-16 16:01:30,048 - root - INFO - init workers
2023-02-16 16:01:30,050 - root - INFO - init workers
2023-02-16 16:01:30,050 - root - INFO - init workers
2023-02-16 16:01:30,060 - root - INFO - gRPC server answered. Processed 12 images in 0.04 UA (12 clients)
2023-02-16 16:04:22,836 - root - INFO - My test client started.
2023-02-16 16:04:22,836 - root - INFO - Get image names...
2023-02-16 16:04:22,836 - root - INFO - Batch ready, calling grpc server...
2023-02-16 16:04:22,849 - root - INFO - init workers
2023-02-16 16:04:22,856 - root - INFO - init workers
2023-02-16 16:04:22,856 - root - INFO - init workers
2023-02-16 16:04:22,857 - root - INFO - init workers
2023-02-16 16:04:22,857 - root - INFO - init workers
2023-02-16 16:04:22,859 - root - INFO - init workers
2023-02-16 16:04:22,859 - root - INFO - init workers
2023-02-16 16:04:22,859 - root - INFO - init workers
2023-02-16 16:04:22,863 - root - INFO - init workers
2023-02-16 16:04:22,864 - root - INFO - init workers
2023-02-16 16:04:22,865 - root - INFO - init workers
2023-02-16 16:04:22,865 - root - INFO - init workers
2023-02-16 16:04:22,897 - root - INFO - gRPC server answered. Processed 12 images in 0.06 UA (12 clients)
2023-02-16 16:04:29,827 - root - INFO - My test client started.
2023-02-16 16:04:29,827 - root - INFO - Get image names...
2023-02-16 16:04:29,827 - root - INFO - Batch ready, calling grpc server...
2023-02-16 16:04:29,845 - root - INFO - init workers
2023-02-16 16:04:29,847 - root - INFO - init workers
2023-02-16 16:04:29,848 - root - INFO - init workers
2023-02-16 16:04:29,849 - root - INFO - init workers
2023-02-16 16:04:29,849 - root - INFO - init workers
2023-02-16 16:04:29,851 - root - INFO - init workers
2023-02-16 16:04:29,851 - root - INFO - init workers
2023-02-16 16:04:29,852 - root - INFO - init workers
2023-02-16 16:04:29,853 - root - INFO - init workers
2023-02-16 16:04:29,853 - root - INFO - init workers
2023-02-16 16:04:29,855 - root - INFO - init workers
2023-02-16 16:04:29,855 - root - INFO - init workers
2023-02-16 16:04:29,865 - root - INFO - gRPC server answered. Processed 12 images in 0.04 UA (12 clients)
2023-02-16 16:05:11,138 - root - INFO - My test client started.
2023-02-16 16:05:11,138 - root - INFO - Get image names...
2023-02-16 16:05:11,138 - root - INFO - Batch ready, calling grpc server...
2023-02-16 16:05:11,152 - root - INFO - init workers
2023-02-16 16:05:11,158 - root - INFO - init workers
2023-02-16 16:05:11,159 - root - INFO - init workers
2023-02-16 16:05:11,159 - root - INFO - init workers
2023-02-16 16:05:11,159 - root - INFO - init workers
2023-02-16 16:05:11,161 - root - INFO - init workers
2023-02-16 16:05:11,162 - root - INFO - init workers
2023-02-16 16:05:11,163 - root - INFO - init workers
2023-02-16 16:05:11,164 - root - INFO - init workers
2023-02-16 16:05:11,164 - root - INFO - init workers
2023-02-16 16:05:11,165 - root - INFO - init workers
2023-02-16 16:05:11,165 - root - INFO - init workers
2023-02-16 16:05:11,179 - root - INFO - gRPC server answered. Processed 12 images in 0.04 UA (12 clients)
2023-02-16 16:05:59,393 - root - INFO - My test client started.
2023-02-16 16:05:59,393 - root - INFO - Get image names...
2023-02-16 16:05:59,393 - root - INFO - Batch ready, calling grpc server...
2023-02-16 16:05:59,412 - root - INFO - init workers
2023-02-16 16:05:59,413 - root - INFO - init workers
2023-02-16 16:05:59,414 - root - INFO - init workers
2023-02-16 16:05:59,414 - root - INFO - init workers
2023-02-16 16:05:59,416 - root - INFO - init workers
2023-02-16 16:05:59,416 - root - INFO - init workers
2023-02-16 16:05:59,416 - root - INFO - init workers
2023-02-16 16:05:59,417 - root - INFO - init workers
2023-02-16 16:05:59,418 - root - INFO - init workers
2023-02-16 16:05:59,419 - root - INFO - init workers
2023-02-16 16:05:59,419 - root - INFO - init workers
2023-02-16 16:05:59,421 - root - INFO - init workers
2023-02-16 16:05:59,430 - root - INFO - gRPC server answered. Processed 12 images in 0.04 UA (12 clients)
2023-02-16 16:06:00,629 - root - INFO - My test client started.
2023-02-16 16:06:00,629 - root - INFO - Get image names...
2023-02-16 16:06:00,629 - root - INFO - Batch ready, calling grpc server...
2023-02-16 16:06:00,647 - root - INFO - init workers
2023-02-16 16:06:00,649 - root - INFO - init workers
2023-02-16 16:06:00,650 - root - INFO - init workers
2023-02-16 16:06:00,651 - root - INFO - init workers
2023-02-16 16:06:00,652 - root - INFO - init workers
2023-02-16 16:06:00,652 - root - INFO - init workers
2023-02-16 16:06:00,653 - root - INFO - init workers
2023-02-16 16:06:00,654 - root - INFO - init workers
2023-02-16 16:06:00,654 - root - INFO - init workers
2023-02-16 16:06:00,655 - root - INFO - init workers
2023-02-16 16:06:00,655 - root - INFO - init workers
2023-02-16 16:06:00,656 - root - INFO - init workers
2023-02-16 16:06:00,669 - root - INFO - gRPC server answered. Processed 12 images in 0.04 UA (12 clients)
2023-02-16 16:19:41,846 - root - INFO - My test client started.
2023-02-16 16:19:41,847 - root - INFO - Get image names...
2023-02-16 16:19:41,847 - root - INFO - Batch ready, calling grpc server...
2023-02-16 16:19:41,866 - root - INFO - init workers
2023-02-16 16:19:41,866 - root - INFO - init workers
2023-02-16 16:19:41,866 - root - INFO - init workers
2023-02-16 16:19:41,869 - root - INFO - init workers
2023-02-16 16:19:41,870 - root - INFO - init workers
2023-02-16 16:19:41,870 - root - INFO - init workers
2023-02-16 16:19:41,870 - root - INFO - init workers
2023-02-16 16:19:41,872 - root - INFO - init workers
2023-02-16 16:19:41,873 - root - INFO - init workers
2023-02-16 16:19:41,874 - root - INFO - init workers
2023-02-16 16:19:41,874 - root - INFO - init workers
2023-02-16 16:19:41,875 - root - INFO - init workers
2023-02-16 16:19:41,893 - root - INFO - gRPC server answered. Processed 12 images in 0.05 UA (12 clients)
